[云平台V0.9] 2018-06-24 04:22:15
#######eywa=3b607e4 is ok 
#######categoryService=81f3a0c is ok 
#######financeService=c8c622c is ok 
#######supplierService=91b1f9f is ok 
#######purchaseService=35da364 is ok 
#######adminService=6d4e60c is ok 
#######financeTaskService=77769b4 is ok 
#######goodsService=d98b988 is ok 
#######orderService=064d04c is ok 
#######financeReportService=c36c112 is ok 
#######stockService=b5c7488 is ok 
To http://pms.today36524.com.cn/central-services/tscompose.git
 * [new tag]         t_20180624-04_rele​​ase -> t_20180624-04_rele​​ase
 
 
 [root@demo1 tscompose]# cat /home/today/tscompose/.local.gitid.ini
memberOpen=3a0f653
eywa=3b607e4
openApi=ec3e0a5
idGenService=cedbd46
categoryService=81f3a0c
financeService=c8c622c
supplierService=91b1f9f
commonDataService=68a25cc
purchaseService=35da364
adminService=6d4e60c
memberService=52b5692
financeTaskService=77769b4
goodsService=d98b988
orderService=064d04c
financeReportService=c36c112
stockService=b5c7488

